2023-12-25 20:41:02,101 [Worker-4: Loading available Gradle versions] INFO  o.e.b.c.i.u.g.PublishedGradleVersions - Gradle version information cache is up-to-date. Trying to read.
2023-12-25 20:42:37,768 [Worker-10: Launching mavenrun-0f5c0d75-0770-44f8-98dd-6ef002d180ae] INFO  o.eclipse.m2e.core.internal.Bundles - getClasspathEntries(Bundle=org.eclipse.m2e.maven.runtime_3.8.604.20221130-2149 [267])
2023-12-25 20:42:37,775 [Worker-10: Launching mavenrun-0f5c0d75-0770-44f8-98dd-6ef002d180ae] INFO  o.eclipse.m2e.core.internal.Bundles - 	Entry: C:\Users\katuw\.p2\pool\plugins\org.eclipse.m2e.maven.runtime_3.8.604.20221130-2149
2023-12-25 20:42:37,776 [Worker-10: Launching mavenrun-0f5c0d75-0770-44f8-98dd-6ef002d180ae] INFO  o.eclipse.m2e.core.internal.Bundles - 	Entry: C:\Users\katuw\.p2\pool\plugins\org.eclipse.m2e.maven.runtime_3.8.604.20221130-2149\jars\aether-connector-okhttp-0.17.8.jar
2023-12-25 20:42:37,776 [Worker-10: Launching mavenrun-0f5c0d75-0770-44f8-98dd-6ef002d180ae] INFO  o.eclipse.m2e.core.internal.Bundles - 	Entry: C:\Users\katuw\.p2\pool\plugins\org.eclipse.m2e.maven.runtime_3.8.604.20221130-2149\jars\commons-cli-1.4.jar
2023-12-25 20:42:37,776 [Worker-10: Launching mavenrun-0f5c0d75-0770-44f8-98dd-6ef002d180ae] INFO  o.eclipse.m2e.core.internal.Bundles - 	Entry: C:\Users\katuw\.p2\pool\plugins\org.eclipse.m2e.maven.runtime_3.8.604.20221130-2149\jars\commons-io-2.6.jar
2023-12-25 20:42:37,776 [Worker-10: Launching mavenrun-0f5c0d75-0770-44f8-98dd-6ef002d180ae] INFO  o.eclipse.m2e.core.internal.Bundles - 	Entry: C:\Users\katuw\.p2\pool\plugins\org.eclipse.m2e.maven.runtime_3.8.604.20221130-2149\jars\commons-lang3-3.8.1.jar
2023-12-25 20:42:37,777 [Worker-10: Launching mavenrun-0f5c0d75-0770-44f8-98dd-6ef002d180ae] INFO  o.eclipse.m2e.core.internal.Bundles - 	Entry: C:\Users\katuw\.p2\pool\plugins\org.eclipse.m2e.maven.runtime_3.8.604.20221130-2149\jars\guice-4.2.2-no_aop.jar
2023-12-25 20:42:37,777 [Worker-10: Launching mavenrun-0f5c0d75-0770-44f8-98dd-6ef002d180ae] INFO  o.eclipse.m2e.core.internal.Bundles - 	Entry: C:\Users\katuw\.p2\pool\plugins\org.eclipse.m2e.maven.runtime_3.8.604.20221130-2149\jars\jansi-2.4.0.jar
2023-12-25 20:42:37,777 [Worker-10: Launching mavenrun-0f5c0d75-0770-44f8-98dd-6ef002d180ae] INFO  o.eclipse.m2e.core.internal.Bundles - 	Entry: C:\Users\katuw\.p2\pool\plugins\org.eclipse.m2e.maven.runtime_3.8.604.20221130-2149\jars\maven-artifact-3.8.6.jar
2023-12-25 20:42:37,778 [Worker-10: Launching mavenrun-0f5c0d75-0770-44f8-98dd-6ef002d180ae] INFO  o.eclipse.m2e.core.internal.Bundles - 	Entry: C:\Users\katuw\.p2\pool\plugins\org.eclipse.m2e.maven.runtime_3.8.604.20221130-2149\jars\maven-builder-support-3.8.6.jar
2023-12-25 20:42:37,778 [Worker-10: Launching mavenrun-0f5c0d75-0770-44f8-98dd-6ef002d180ae] INFO  o.eclipse.m2e.core.internal.Bundles - 	Entry: C:\Users\katuw\.p2\pool\plugins\org.eclipse.m2e.maven.runtime_3.8.604.20221130-2149\jars\maven-compat-3.8.6.jar
2023-12-25 20:42:37,778 [Worker-10: Launching mavenrun-0f5c0d75-0770-44f8-98dd-6ef002d180ae] INFO  o.eclipse.m2e.core.internal.Bundles - 	Entry: C:\Users\katuw\.p2\pool\plugins\org.eclipse.m2e.maven.runtime_3.8.604.20221130-2149\jars\maven-core-3.8.6.jar
2023-12-25 20:42:37,778 [Worker-10: Launching mavenrun-0f5c0d75-0770-44f8-98dd-6ef002d180ae] INFO  o.eclipse.m2e.core.internal.Bundles - 	Entry: C:\Users\katuw\.p2\pool\plugins\org.eclipse.m2e.maven.runtime_3.8.604.20221130-2149\jars\maven-embedder-3.8.6.jar
2023-12-25 20:42:37,778 [Worker-10: Launching mavenrun-0f5c0d75-0770-44f8-98dd-6ef002d180ae] INFO  o.eclipse.m2e.core.internal.Bundles - 	Entry: C:\Users\katuw\.p2\pool\plugins\org.eclipse.m2e.maven.runtime_3.8.604.20221130-2149\jars\maven-model-3.8.6.jar
2023-12-25 20:42:37,779 [Worker-10: Launching mavenrun-0f5c0d75-0770-44f8-98dd-6ef002d180ae] INFO  o.eclipse.m2e.core.internal.Bundles - 	Entry: C:\Users\katuw\.p2\pool\plugins\org.eclipse.m2e.maven.runtime_3.8.604.20221130-2149\jars\maven-model-builder-3.8.6.jar
2023-12-25 20:42:37,779 [Worker-10: Launching mavenrun-0f5c0d75-0770-44f8-98dd-6ef002d180ae] INFO  o.eclipse.m2e.core.internal.Bundles - 	Entry: C:\Users\katuw\.p2\pool\plugins\org.eclipse.m2e.maven.runtime_3.8.604.20221130-2149\jars\maven-plugin-api-3.8.6.jar
2023-12-25 20:42:37,779 [Worker-10: Launching mavenrun-0f5c0d75-0770-44f8-98dd-6ef002d180ae] INFO  o.eclipse.m2e.core.internal.Bundles - 	Entry: C:\Users\katuw\.p2\pool\plugins\org.eclipse.m2e.maven.runtime_3.8.604.20221130-2149\jars\maven-repository-metadata-3.8.6.jar
2023-12-25 20:42:37,779 [Worker-10: Launching mavenrun-0f5c0d75-0770-44f8-98dd-6ef002d180ae] INFO  o.eclipse.m2e.core.internal.Bundles - 	Entry: C:\Users\katuw\.p2\pool\plugins\org.eclipse.m2e.maven.runtime_3.8.604.20221130-2149\jars\maven-resolver-api-1.6.3.jar
2023-12-25 20:42:37,780 [Worker-10: Launching mavenrun-0f5c0d75-0770-44f8-98dd-6ef002d180ae] INFO  o.eclipse.m2e.core.internal.Bundles - 	Entry: C:\Users\katuw\.p2\pool\plugins\org.eclipse.m2e.maven.runtime_3.8.604.20221130-2149\jars\maven-resolver-connector-basic-1.6.3.jar
2023-12-25 20:42:37,780 [Worker-10: Launching mavenrun-0f5c0d75-0770-44f8-98dd-6ef002d180ae] INFO  o.eclipse.m2e.core.internal.Bundles - 	Entry: C:\Users\katuw\.p2\pool\plugins\org.eclipse.m2e.maven.runtime_3.8.604.20221130-2149\jars\maven-resolver-impl-1.6.3.jar
2023-12-25 20:42:37,780 [Worker-10: Launching mavenrun-0f5c0d75-0770-44f8-98dd-6ef002d180ae] INFO  o.eclipse.m2e.core.internal.Bundles - 	Entry: C:\Users\katuw\.p2\pool\plugins\org.eclipse.m2e.maven.runtime_3.8.604.20221130-2149\jars\maven-resolver-provider-3.8.6.jar
2023-12-25 20:42:37,780 [Worker-10: Launching mavenrun-0f5c0d75-0770-44f8-98dd-6ef002d180ae] INFO  o.eclipse.m2e.core.internal.Bundles - 	Entry: C:\Users\katuw\.p2\pool\plugins\org.eclipse.m2e.maven.runtime_3.8.604.20221130-2149\jars\maven-resolver-spi-1.6.3.jar
2023-12-25 20:42:37,780 [Worker-10: Launching mavenrun-0f5c0d75-0770-44f8-98dd-6ef002d180ae] INFO  o.eclipse.m2e.core.internal.Bundles - 	Entry: C:\Users\katuw\.p2\pool\plugins\org.eclipse.m2e.maven.runtime_3.8.604.20221130-2149\jars\maven-resolver-transport-wagon-1.6.3.jar
2023-12-25 20:42:37,781 [Worker-10: Launching mavenrun-0f5c0d75-0770-44f8-98dd-6ef002d180ae] INFO  o.eclipse.m2e.core.internal.Bundles - 	Entry: C:\Users\katuw\.p2\pool\plugins\org.eclipse.m2e.maven.runtime_3.8.604.20221130-2149\jars\maven-resolver-util-1.6.3.jar
2023-12-25 20:42:37,781 [Worker-10: Launching mavenrun-0f5c0d75-0770-44f8-98dd-6ef002d180ae] INFO  o.eclipse.m2e.core.internal.Bundles - 	Entry: C:\Users\katuw\.p2\pool\plugins\org.eclipse.m2e.maven.runtime_3.8.604.20221130-2149\jars\maven-settings-3.8.6.jar
2023-12-25 20:42:37,781 [Worker-10: Launching mavenrun-0f5c0d75-0770-44f8-98dd-6ef002d180ae] INFO  o.eclipse.m2e.core.internal.Bundles - 	Entry: C:\Users\katuw\.p2\pool\plugins\org.eclipse.m2e.maven.runtime_3.8.604.20221130-2149\jars\maven-settings-builder-3.8.6.jar
2023-12-25 20:42:37,781 [Worker-10: Launching mavenrun-0f5c0d75-0770-44f8-98dd-6ef002d180ae] INFO  o.eclipse.m2e.core.internal.Bundles - 	Entry: C:\Users\katuw\.p2\pool\plugins\org.eclipse.m2e.maven.runtime_3.8.604.20221130-2149\jars\maven-shared-utils-3.3.4.jar
2023-12-25 20:42:37,782 [Worker-10: Launching mavenrun-0f5c0d75-0770-44f8-98dd-6ef002d180ae] INFO  o.eclipse.m2e.core.internal.Bundles - 	Entry: C:\Users\katuw\.p2\pool\plugins\org.eclipse.m2e.maven.runtime_3.8.604.20221130-2149\jars\okhttp-3.14.1.jar
2023-12-25 20:42:37,782 [Worker-10: Launching mavenrun-0f5c0d75-0770-44f8-98dd-6ef002d180ae] INFO  o.eclipse.m2e.core.internal.Bundles - 	Entry: C:\Users\katuw\.p2\pool\plugins\org.eclipse.m2e.maven.runtime_3.8.604.20221130-2149\jars\okio-1.17.3.jar
2023-12-25 20:42:37,782 [Worker-10: Launching mavenrun-0f5c0d75-0770-44f8-98dd-6ef002d180ae] INFO  o.eclipse.m2e.core.internal.Bundles - 	Entry: C:\Users\katuw\.p2\pool\plugins\org.eclipse.m2e.maven.runtime_3.8.604.20221130-2149\jars\org.eclipse.sisu.inject-0.3.5.jar
2023-12-25 20:42:37,782 [Worker-10: Launching mavenrun-0f5c0d75-0770-44f8-98dd-6ef002d180ae] INFO  o.eclipse.m2e.core.internal.Bundles - 	Entry: C:\Users\katuw\.p2\pool\plugins\org.eclipse.m2e.maven.runtime_3.8.604.20221130-2149\jars\org.eclipse.sisu.plexus-0.3.5.jar
2023-12-25 20:42:37,782 [Worker-10: Launching mavenrun-0f5c0d75-0770-44f8-98dd-6ef002d180ae] INFO  o.eclipse.m2e.core.internal.Bundles - 	Entry: C:\Users\katuw\.p2\pool\plugins\org.eclipse.m2e.maven.runtime_3.8.604.20221130-2149\jars\plexus-build-api-0.0.7.jar
2023-12-25 20:42:37,783 [Worker-10: Launching mavenrun-0f5c0d75-0770-44f8-98dd-6ef002d180ae] INFO  o.eclipse.m2e.core.internal.Bundles - 	Entry: C:\Users\katuw\.p2\pool\plugins\org.eclipse.m2e.maven.runtime_3.8.604.20221130-2149\jars\plexus-cipher-2.0.jar
2023-12-25 20:42:37,783 [Worker-10: Launching mavenrun-0f5c0d75-0770-44f8-98dd-6ef002d180ae] INFO  o.eclipse.m2e.core.internal.Bundles - 	Entry: C:\Users\katuw\.p2\pool\plugins\org.eclipse.m2e.maven.runtime_3.8.604.20221130-2149\jars\plexus-classworlds-2.6.0.jar
2023-12-25 20:42:37,783 [Worker-10: Launching mavenrun-0f5c0d75-0770-44f8-98dd-6ef002d180ae] INFO  o.eclipse.m2e.core.internal.Bundles - 	Entry: C:\Users\katuw\.p2\pool\plugins\org.eclipse.m2e.maven.runtime_3.8.604.20221130-2149\jars\plexus-component-annotations-2.1.0.jar
2023-12-25 20:42:37,784 [Worker-10: Launching mavenrun-0f5c0d75-0770-44f8-98dd-6ef002d180ae] INFO  o.eclipse.m2e.core.internal.Bundles - 	Entry: C:\Users\katuw\.p2\pool\plugins\org.eclipse.m2e.maven.runtime_3.8.604.20221130-2149\jars\plexus-interpolation-1.26.jar
2023-12-25 20:42:37,784 [Worker-10: Launching mavenrun-0f5c0d75-0770-44f8-98dd-6ef002d180ae] INFO  o.eclipse.m2e.core.internal.Bundles - 	Entry: C:\Users\katuw\.p2\pool\plugins\org.eclipse.m2e.maven.runtime_3.8.604.20221130-2149\jars\plexus-sec-dispatcher-2.0.jar
2023-12-25 20:42:37,784 [Worker-10: Launching mavenrun-0f5c0d75-0770-44f8-98dd-6ef002d180ae] INFO  o.eclipse.m2e.core.internal.Bundles - 	Entry: C:\Users\katuw\.p2\pool\plugins\org.eclipse.m2e.maven.runtime_3.8.604.20221130-2149\jars\plexus-utils-3.3.1.jar
2023-12-25 20:42:37,784 [Worker-10: Launching mavenrun-0f5c0d75-0770-44f8-98dd-6ef002d180ae] INFO  o.eclipse.m2e.core.internal.Bundles - 	Entry: C:\Users\katuw\.p2\pool\plugins\org.eclipse.m2e.maven.runtime_3.8.604.20221130-2149\jars\wagon-file-3.5.1.jar
2023-12-25 20:42:37,784 [Worker-10: Launching mavenrun-0f5c0d75-0770-44f8-98dd-6ef002d180ae] INFO  o.eclipse.m2e.core.internal.Bundles - 	Entry: C:\Users\katuw\.p2\pool\plugins\org.eclipse.m2e.maven.runtime_3.8.604.20221130-2149\jars\wagon-provider-api-3.5.1.jar
2023-12-25 20:42:37,787 [Worker-10: Launching mavenrun-0f5c0d75-0770-44f8-98dd-6ef002d180ae] INFO  o.eclipse.m2e.core.internal.Bundles - getClasspathEntries(Bundle=com.google.guava_30.1.0.v20221112-0806 [8])
2023-12-25 20:42:37,789 [Worker-10: Launching mavenrun-0f5c0d75-0770-44f8-98dd-6ef002d180ae] INFO  o.eclipse.m2e.core.internal.Bundles - 	Entry: C:\Users\katuw\.p2\pool\plugins\com.google.guava_30.1.0.v20221112-0806.jar
2023-12-25 20:42:37,790 [Worker-10: Launching mavenrun-0f5c0d75-0770-44f8-98dd-6ef002d180ae] INFO  o.eclipse.m2e.core.internal.Bundles - getClasspathEntries(Bundle=slf4j.api_1.7.36 [431])
2023-12-25 20:42:37,792 [Worker-10: Launching mavenrun-0f5c0d75-0770-44f8-98dd-6ef002d180ae] INFO  o.eclipse.m2e.core.internal.Bundles - 	Entry: C:\Users\katuw\.p2\pool\plugins\slf4j.api_1.7.36.jar
2023-12-25 20:42:37,792 [Worker-10: Launching mavenrun-0f5c0d75-0770-44f8-98dd-6ef002d180ae] INFO  o.eclipse.m2e.core.internal.Bundles - getClasspathEntries(Bundle=javax.inject_1.0.0.v20220405-0441 [18])
2023-12-25 20:42:37,794 [Worker-10: Launching mavenrun-0f5c0d75-0770-44f8-98dd-6ef002d180ae] INFO  o.eclipse.m2e.core.internal.Bundles - 	Entry: C:\Users\katuw\.p2\pool\plugins\javax.inject_1.0.0.v20220405-0441.jar
2023-12-25 20:42:37,794 [Worker-10: Launching mavenrun-0f5c0d75-0770-44f8-98dd-6ef002d180ae] INFO  o.eclipse.m2e.core.internal.Bundles - getClasspathEntries(Bundle=javax.annotation_1.3.5.v20221112-0806 [16])
2023-12-25 20:42:37,796 [Worker-10: Launching mavenrun-0f5c0d75-0770-44f8-98dd-6ef002d180ae] INFO  o.eclipse.m2e.core.internal.Bundles - 	Entry: C:\Users\katuw\.p2\pool\plugins\javax.annotation_1.3.5.v20221112-0806.jar
2023-12-25 20:42:37,802 [Worker-10: Launching mavenrun-0f5c0d75-0770-44f8-98dd-6ef002d180ae] INFO  o.e.m.i.launch.MavenLaunchDelegate - Run build in "C:\Users\katuw\AppData\Local\Temp\m2e-archetypeGenerator10915288481306350981":
2023-12-25 20:42:37,810 [Worker-10: Launching mavenrun-0f5c0d75-0770-44f8-98dd-6ef002d180ae] INFO  o.e.m.i.launch.MavenLaunchDelegate -  mvn  -DarchetypeGroupId=org.apache.maven.archetypes -DarchetypeArtifactId=maven-archetype-quickstart -DarchetypeVersion=1.4 -DgroupId=com.takeo -DartifactId=spring2 -Dversion=0.0.1-SNAPSHOT -Dpackage=com.takeo -DoutputDirectory=C:\Users\katuw\git\javaSpringFramework -Dstyle.color=always -U archetype:generate
2023-12-25 20:43:00,848 [Worker-1: Creating maven-archetype-quickstart] INFO  o.e.m.c.i.p.ProjectConfigurationManager - Collecting project info '/pom.xml' C:\Users\katuw\git\javaSpringFramework\spring2\pom.xml
2023-12-25 20:43:01,657 [Worker-1: Creating maven-archetype-quickstart] INFO  o.e.m.c.i.l.LifecycleMappingFactory - Using org.eclipse.m2e.jdt.JarLifecycleMapping lifecycle mapping for MavenProject: com.takeo:spring2:0.0.1-SNAPSHOT @ C:\Users\katuw\git\javaSpringFramework\spring2\pom.xml.
2023-12-25 20:43:02,330 [Worker-1: Creating maven-archetype-quickstart] INFO  o.e.m.j.i.AbstractJavaProjectConfigurator - Adding source folder /spring2/src/main/java
2023-12-25 20:43:02,334 [Worker-1: Creating maven-archetype-quickstart] INFO  o.e.m.j.i.AbstractJavaProjectConfigurator - Adding source folder /spring2/src/test/java
2023-12-25 20:43:02,498 [Worker-1: Creating maven-archetype-quickstart] INFO  o.e.m.c.i.p.ProjectConfigurationManager - Imported and configured 1 project(s) in 1 sec
2023-12-25 20:43:03,878 [Worker-10: Building] INFO  o.e.m.c.i.embedder.EclipseLogger - Using 'UTF-8' encoding to copy filtered resources.
2023-12-25 20:43:03,879 [Worker-10: Building] INFO  o.e.m.c.i.embedder.EclipseLogger - skip non existing resourceDirectory C:\Users\katuw\git\javaSpringFramework\spring2\src\main\resources
2023-12-25 20:43:03,882 [Worker-10: Building] INFO  o.e.m.c.i.embedder.EclipseLogger - Using 'UTF-8' encoding to copy filtered resources.
2023-12-25 20:43:03,882 [Worker-10: Building] INFO  o.e.m.c.i.embedder.EclipseLogger - skip non existing resourceDirectory C:\Users\katuw\git\javaSpringFramework\spring2\src\test\resources
2023-12-25 20:43:45,969 [Worker-7: Building] INFO  o.e.m.c.i.l.LifecycleMappingFactory - Using org.eclipse.m2e.jdt.JarLifecycleMapping lifecycle mapping for MavenProject: com.takeo:spring2:0.0.1-SNAPSHOT @ C:\Users\katuw\git\javaSpringFramework\spring2\pom.xml.
2023-12-25 20:43:46,216 [Worker-7: Building] INFO  o.e.m.c.i.embedder.EclipseLogger - Using 'UTF-8' encoding to copy filtered resources.
2023-12-25 20:43:46,216 [Worker-7: Building] INFO  o.e.m.c.i.embedder.EclipseLogger - skip non existing resourceDirectory C:\Users\katuw\git\javaSpringFramework\spring2\src\main\resources
2023-12-25 20:43:46,220 [Worker-7: Building] INFO  o.e.m.c.i.embedder.EclipseLogger - Using 'UTF-8' encoding to copy filtered resources.
2023-12-25 20:43:46,220 [Worker-7: Building] INFO  o.e.m.c.i.embedder.EclipseLogger - skip non existing resourceDirectory C:\Users\katuw\git\javaSpringFramework\spring2\src\test\resources
2023-12-25 20:43:47,650 [Worker-10: Building] INFO  o.e.m.c.i.embedder.EclipseLogger - Using 'UTF-8' encoding to copy filtered resources.
2023-12-25 20:43:47,650 [Worker-10: Building] INFO  o.e.m.c.i.embedder.EclipseLogger - skip non existing resourceDirectory C:\Users\katuw\git\javaSpringFramework\spring2\src\main\resources
2023-12-25 20:43:47,653 [Worker-10: Building] INFO  o.e.m.c.i.embedder.EclipseLogger - Using 'UTF-8' encoding to copy filtered resources.
2023-12-25 20:43:47,653 [Worker-10: Building] INFO  o.e.m.c.i.embedder.EclipseLogger - skip non existing resourceDirectory C:\Users\katuw\git\javaSpringFramework\spring2\src\test\resources
2023-12-25 20:43:53,453 [Worker-4: Updating Maven Project] INFO  o.e.m.c.i.p.ProjectConfigurationManager - Update started
2023-12-25 20:43:53,711 [Worker-4: Updating Maven Project] INFO  o.e.m.c.i.l.LifecycleMappingFactory - Using org.eclipse.m2e.jdt.JarLifecycleMapping lifecycle mapping for MavenProject: com.takeo:spring2:0.0.1-SNAPSHOT @ C:\Users\katuw\git\javaSpringFramework\spring2\pom.xml.
2023-12-25 20:43:53,877 [Worker-4: Updating Maven Project] INFO  o.e.m.j.i.AbstractJavaProjectConfigurator - Adding source folder /spring2/src/main/java
2023-12-25 20:43:53,878 [Worker-4: Updating Maven Project] INFO  o.e.m.j.i.AbstractJavaProjectConfigurator - Adding source folder /spring2/src/test/java
2023-12-25 20:43:54,042 [Worker-4: Updating Maven Project] INFO  o.e.m.c.i.p.ProjectConfigurationManager - Update completed for 1 poms: local refresh takes 0.00 sec, refresh facades takes 0.00 sec, update config takes 0.00 sec 
2023-12-25 20:43:54,216 [Worker-17: Building] INFO  o.e.m.c.i.embedder.EclipseLogger - Using 'UTF-8' encoding to copy filtered resources.
2023-12-25 20:43:54,216 [Worker-17: Building] INFO  o.e.m.c.i.embedder.EclipseLogger - skip non existing resourceDirectory C:\Users\katuw\git\javaSpringFramework\spring2\src\main\resources
2023-12-25 20:43:54,220 [Worker-17: Building] INFO  o.e.m.c.i.embedder.EclipseLogger - Using 'UTF-8' encoding to copy filtered resources.
2023-12-25 20:43:54,220 [Worker-17: Building] INFO  o.e.m.c.i.embedder.EclipseLogger - skip non existing resourceDirectory C:\Users\katuw\git\javaSpringFramework\spring2\src\test\resources
2023-12-25 20:44:16,357 [Worker-6: Building] INFO  o.e.m.c.i.embedder.EclipseLogger - Using 'UTF-8' encoding to copy filtered resources.
2023-12-25 20:44:16,357 [Worker-6: Building] INFO  o.e.m.c.i.embedder.EclipseLogger - skip non existing resourceDirectory C:\Users\katuw\git\javaSpringFramework\spring2\src\main\resources
2023-12-25 20:44:16,360 [Worker-6: Building] INFO  o.e.m.c.i.embedder.EclipseLogger - Using 'UTF-8' encoding to copy filtered resources.
2023-12-25 20:44:16,360 [Worker-6: Building] INFO  o.e.m.c.i.embedder.EclipseLogger - skip non existing resourceDirectory C:\Users\katuw\git\javaSpringFramework\spring2\src\test\resources
2023-12-25 20:44:34,154 [Worker-7: Building] INFO  o.e.m.c.i.embedder.EclipseLogger - Using 'UTF-8' encoding to copy filtered resources.
2023-12-25 20:44:34,154 [Worker-7: Building] INFO  o.e.m.c.i.embedder.EclipseLogger - skip non existing resourceDirectory C:\Users\katuw\git\javaSpringFramework\spring2\src\main\resources
2023-12-25 20:44:34,158 [Worker-7: Building] INFO  o.e.m.c.i.embedder.EclipseLogger - Using 'UTF-8' encoding to copy filtered resources.
2023-12-25 20:44:34,158 [Worker-7: Building] INFO  o.e.m.c.i.embedder.EclipseLogger - skip non existing resourceDirectory C:\Users\katuw\git\javaSpringFramework\spring2\src\test\resources
2023-12-25 20:48:37,363 [Worker-13: Building] INFO  o.e.m.c.i.embedder.EclipseLogger - Using 'UTF-8' encoding to copy filtered resources.
2023-12-25 20:48:37,363 [Worker-13: Building] INFO  o.e.m.c.i.embedder.EclipseLogger - skip non existing resourceDirectory C:\Users\katuw\git\javaSpringFramework\spring2\src\main\resources
2023-12-25 20:48:37,366 [Worker-13: Building] INFO  o.e.m.c.i.embedder.EclipseLogger - Using 'UTF-8' encoding to copy filtered resources.
2023-12-25 20:48:37,366 [Worker-13: Building] INFO  o.e.m.c.i.embedder.EclipseLogger - skip non existing resourceDirectory C:\Users\katuw\git\javaSpringFramework\spring2\src\test\resources
2023-12-25 20:48:38,387 [Worker-12: Building] INFO  o.e.m.c.i.embedder.EclipseLogger - Using 'UTF-8' encoding to copy filtered resources.
2023-12-25 20:48:38,388 [Worker-12: Building] INFO  o.e.m.c.i.embedder.EclipseLogger - skip non existing resourceDirectory C:\Users\katuw\git\javaSpringFramework\spring2\src\main\resources
2023-12-25 20:48:38,389 [Worker-12: Building] INFO  o.e.m.c.i.embedder.EclipseLogger - Using 'UTF-8' encoding to copy filtered resources.
2023-12-25 20:48:38,390 [Worker-12: Building] INFO  o.e.m.c.i.embedder.EclipseLogger - skip non existing resourceDirectory C:\Users\katuw\git\javaSpringFramework\spring2\src\test\resources
2023-12-25 20:50:13,307 [Worker-15: Building] INFO  o.e.m.c.i.embedder.EclipseLogger - Using 'UTF-8' encoding to copy filtered resources.
2023-12-25 20:50:13,307 [Worker-15: Building] INFO  o.e.m.c.i.embedder.EclipseLogger - skip non existing resourceDirectory C:\Users\katuw\git\javaSpringFramework\spring2\src\main\resources
2023-12-25 20:50:13,311 [Worker-15: Building] INFO  o.e.m.c.i.embedder.EclipseLogger - Using 'UTF-8' encoding to copy filtered resources.
2023-12-25 20:50:13,311 [Worker-15: Building] INFO  o.e.m.c.i.embedder.EclipseLogger - skip non existing resourceDirectory C:\Users\katuw\git\javaSpringFramework\spring2\src\test\resources
2023-12-25 20:50:24,439 [Worker-12: Building] INFO  o.e.m.c.i.embedder.EclipseLogger - Using 'UTF-8' encoding to copy filtered resources.
2023-12-25 20:50:24,439 [Worker-12: Building] INFO  o.e.m.c.i.embedder.EclipseLogger - skip non existing resourceDirectory C:\Users\katuw\git\javaSpringFramework\spring2\src\main\resources
2023-12-25 20:50:24,441 [Worker-12: Building] INFO  o.e.m.c.i.embedder.EclipseLogger - Using 'UTF-8' encoding to copy filtered resources.
2023-12-25 20:50:24,441 [Worker-12: Building] INFO  o.e.m.c.i.embedder.EclipseLogger - skip non existing resourceDirectory C:\Users\katuw\git\javaSpringFramework\spring2\src\test\resources
2023-12-25 20:51:41,271 [Worker-6: Building] INFO  o.e.m.c.i.embedder.EclipseLogger - Using 'UTF-8' encoding to copy filtered resources.
2023-12-25 20:51:41,271 [Worker-6: Building] INFO  o.e.m.c.i.embedder.EclipseLogger - skip non existing resourceDirectory C:\Users\katuw\git\javaSpringFramework\spring2\src\main\resources
2023-12-25 20:51:41,273 [Worker-6: Building] INFO  o.e.m.c.i.embedder.EclipseLogger - Using 'UTF-8' encoding to copy filtered resources.
2023-12-25 20:51:41,273 [Worker-6: Building] INFO  o.e.m.c.i.embedder.EclipseLogger - skip non existing resourceDirectory C:\Users\katuw\git\javaSpringFramework\spring2\src\test\resources
2023-12-25 20:51:46,719 [Worker-16: Building] INFO  o.e.m.c.i.embedder.EclipseLogger - Using 'UTF-8' encoding to copy filtered resources.
2023-12-25 20:51:46,719 [Worker-16: Building] INFO  o.e.m.c.i.embedder.EclipseLogger - skip non existing resourceDirectory C:\Users\katuw\git\javaSpringFramework\spring2\src\main\resources
2023-12-25 20:51:46,721 [Worker-16: Building] INFO  o.e.m.c.i.embedder.EclipseLogger - Using 'UTF-8' encoding to copy filtered resources.
2023-12-25 20:51:46,721 [Worker-16: Building] INFO  o.e.m.c.i.embedder.EclipseLogger - skip non existing resourceDirectory C:\Users\katuw\git\javaSpringFramework\spring2\src\test\resources
2023-12-25 20:51:54,678 [Worker-4: Building] INFO  o.e.m.c.i.embedder.EclipseLogger - Using 'UTF-8' encoding to copy filtered resources.
2023-12-25 20:51:54,678 [Worker-4: Building] INFO  o.e.m.c.i.embedder.EclipseLogger - skip non existing resourceDirectory C:\Users\katuw\git\javaSpringFramework\spring2\src\main\resources
2023-12-25 20:51:54,680 [Worker-4: Building] INFO  o.e.m.c.i.embedder.EclipseLogger - Using 'UTF-8' encoding to copy filtered resources.
2023-12-25 20:51:54,681 [Worker-4: Building] INFO  o.e.m.c.i.embedder.EclipseLogger - skip non existing resourceDirectory C:\Users\katuw\git\javaSpringFramework\spring2\src\test\resources
2023-12-25 20:51:58,232 [Worker-10: Building] INFO  o.e.m.c.i.embedder.EclipseLogger - Using 'UTF-8' encoding to copy filtered resources.
2023-12-25 20:51:58,232 [Worker-10: Building] INFO  o.e.m.c.i.embedder.EclipseLogger - skip non existing resourceDirectory C:\Users\katuw\git\javaSpringFramework\spring2\src\main\resources
2023-12-25 20:51:58,234 [Worker-10: Building] INFO  o.e.m.c.i.embedder.EclipseLogger - Using 'UTF-8' encoding to copy filtered resources.
2023-12-25 20:51:58,234 [Worker-10: Building] INFO  o.e.m.c.i.embedder.EclipseLogger - skip non existing resourceDirectory C:\Users\katuw\git\javaSpringFramework\spring2\src\test\resources
2023-12-25 20:52:08,515 [Worker-4: Building] INFO  o.e.m.c.i.embedder.EclipseLogger - Using 'UTF-8' encoding to copy filtered resources.
2023-12-25 20:52:08,515 [Worker-4: Building] INFO  o.e.m.c.i.embedder.EclipseLogger - skip non existing resourceDirectory C:\Users\katuw\git\javaSpringFramework\spring2\src\main\resources
2023-12-25 20:52:08,517 [Worker-4: Building] INFO  o.e.m.c.i.embedder.EclipseLogger - Using 'UTF-8' encoding to copy filtered resources.
2023-12-25 20:52:08,518 [Worker-4: Building] INFO  o.e.m.c.i.embedder.EclipseLogger - skip non existing resourceDirectory C:\Users\katuw\git\javaSpringFramework\spring2\src\test\resources
2023-12-25 20:53:08,668 [Worker-16: Building] INFO  o.e.m.c.i.embedder.EclipseLogger - Using 'UTF-8' encoding to copy filtered resources.
2023-12-25 20:53:08,668 [Worker-16: Building] INFO  o.e.m.c.i.embedder.EclipseLogger - skip non existing resourceDirectory C:\Users\katuw\git\javaSpringFramework\spring2\src\main\resources
2023-12-25 20:53:08,669 [Worker-16: Building] INFO  o.e.m.c.i.embedder.EclipseLogger - Using 'UTF-8' encoding to copy filtered resources.
2023-12-25 20:53:08,669 [Worker-16: Building] INFO  o.e.m.c.i.embedder.EclipseLogger - skip non existing resourceDirectory C:\Users\katuw\git\javaSpringFramework\spring2\src\test\resources
2023-12-25 20:54:21,516 [Worker-5: Building] INFO  o.e.m.c.i.embedder.EclipseLogger - Using 'UTF-8' encoding to copy filtered resources.
2023-12-25 20:54:21,516 [Worker-5: Building] INFO  o.e.m.c.i.embedder.EclipseLogger - skip non existing resourceDirectory C:\Users\katuw\git\javaSpringFramework\spring2\src\main\resources
2023-12-25 20:54:21,518 [Worker-5: Building] INFO  o.e.m.c.i.embedder.EclipseLogger - Using 'UTF-8' encoding to copy filtered resources.
2023-12-25 20:54:21,518 [Worker-5: Building] INFO  o.e.m.c.i.embedder.EclipseLogger - skip non existing resourceDirectory C:\Users\katuw\git\javaSpringFramework\spring2\src\test\resources
2023-12-25 20:57:03,888 [Worker-22: Building] INFO  o.e.m.c.i.embedder.EclipseLogger - Using 'UTF-8' encoding to copy filtered resources.
2023-12-25 20:57:03,888 [Worker-22: Building] INFO  o.e.m.c.i.embedder.EclipseLogger - skip non existing resourceDirectory C:\Users\katuw\git\javaSpringFramework\spring2\src\main\resources
2023-12-25 20:57:03,891 [Worker-22: Building] INFO  o.e.m.c.i.embedder.EclipseLogger - Using 'UTF-8' encoding to copy filtered resources.
2023-12-25 20:57:03,891 [Worker-22: Building] INFO  o.e.m.c.i.embedder.EclipseLogger - skip non existing resourceDirectory C:\Users\katuw\git\javaSpringFramework\spring2\src\test\resources
2023-12-25 20:57:26,041 [Worker-25: Building] INFO  o.e.m.c.i.embedder.EclipseLogger - Using 'UTF-8' encoding to copy filtered resources.
2023-12-25 20:57:26,041 [Worker-25: Building] INFO  o.e.m.c.i.embedder.EclipseLogger - skip non existing resourceDirectory C:\Users\katuw\git\javaSpringFramework\spring2\src\main\resources
2023-12-25 20:57:26,043 [Worker-25: Building] INFO  o.e.m.c.i.embedder.EclipseLogger - Using 'UTF-8' encoding to copy filtered resources.
2023-12-25 20:57:26,043 [Worker-25: Building] INFO  o.e.m.c.i.embedder.EclipseLogger - skip non existing resourceDirectory C:\Users\katuw\git\javaSpringFramework\spring2\src\test\resources
2023-12-25 20:57:33,157 [Worker-22: Building] INFO  o.e.m.c.i.embedder.EclipseLogger - Using 'UTF-8' encoding to copy filtered resources.
2023-12-25 20:57:33,157 [Worker-22: Building] INFO  o.e.m.c.i.embedder.EclipseLogger - skip non existing resourceDirectory C:\Users\katuw\git\javaSpringFramework\spring2\src\main\resources
2023-12-25 20:57:33,159 [Worker-22: Building] INFO  o.e.m.c.i.embedder.EclipseLogger - Using 'UTF-8' encoding to copy filtered resources.
2023-12-25 20:57:33,159 [Worker-22: Building] INFO  o.e.m.c.i.embedder.EclipseLogger - skip non existing resourceDirectory C:\Users\katuw\git\javaSpringFramework\spring2\src\test\resources
2023-12-25 20:57:40,165 [Worker-26: Building] INFO  o.e.m.c.i.embedder.EclipseLogger - Using 'UTF-8' encoding to copy filtered resources.
2023-12-25 20:57:40,166 [Worker-26: Building] INFO  o.e.m.c.i.embedder.EclipseLogger - skip non existing resourceDirectory C:\Users\katuw\git\javaSpringFramework\spring2\src\main\resources
2023-12-25 20:57:40,169 [Worker-26: Building] INFO  o.e.m.c.i.embedder.EclipseLogger - Using 'UTF-8' encoding to copy filtered resources.
2023-12-25 20:57:40,169 [Worker-26: Building] INFO  o.e.m.c.i.embedder.EclipseLogger - skip non existing resourceDirectory C:\Users\katuw\git\javaSpringFramework\spring2\src\test\resources
2023-12-25 21:02:01,106 [Worker-5: Building] INFO  o.e.m.c.i.embedder.EclipseLogger - Using 'UTF-8' encoding to copy filtered resources.
2023-12-25 21:02:01,106 [Worker-5: Building] INFO  o.e.m.c.i.embedder.EclipseLogger - skip non existing resourceDirectory C:\Users\katuw\git\javaSpringFramework\spring2\src\main\resources
2023-12-25 21:02:01,107 [Worker-5: Building] INFO  o.e.m.c.i.embedder.EclipseLogger - Using 'UTF-8' encoding to copy filtered resources.
2023-12-25 21:02:01,108 [Worker-5: Building] INFO  o.e.m.c.i.embedder.EclipseLogger - skip non existing resourceDirectory C:\Users\katuw\git\javaSpringFramework\spring2\src\test\resources
2023-12-25 21:03:24,434 [Worker-26: Building] INFO  o.e.m.c.i.embedder.EclipseLogger - Using 'UTF-8' encoding to copy filtered resources.
2023-12-25 21:03:24,434 [Worker-26: Building] INFO  o.e.m.c.i.embedder.EclipseLogger - skip non existing resourceDirectory C:\Users\katuw\git\javaSpringFramework\spring2\src\main\resources
2023-12-25 21:03:24,436 [Worker-26: Building] INFO  o.e.m.c.i.embedder.EclipseLogger - Using 'UTF-8' encoding to copy filtered resources.
2023-12-25 21:03:24,436 [Worker-26: Building] INFO  o.e.m.c.i.embedder.EclipseLogger - skip non existing resourceDirectory C:\Users\katuw\git\javaSpringFramework\spring2\src\test\resources
2023-12-25 21:03:39,038 [Worker-22: Building] INFO  o.e.m.c.i.embedder.EclipseLogger - Using 'UTF-8' encoding to copy filtered resources.
2023-12-25 21:03:39,038 [Worker-22: Building] INFO  o.e.m.c.i.embedder.EclipseLogger - skip non existing resourceDirectory C:\Users\katuw\git\javaSpringFramework\spring2\src\main\resources
2023-12-25 21:03:39,040 [Worker-22: Building] INFO  o.e.m.c.i.embedder.EclipseLogger - Using 'UTF-8' encoding to copy filtered resources.
2023-12-25 21:03:39,040 [Worker-22: Building] INFO  o.e.m.c.i.embedder.EclipseLogger - skip non existing resourceDirectory C:\Users\katuw\git\javaSpringFramework\spring2\src\test\resources
2023-12-25 21:03:42,918 [Worker-26: Building] INFO  o.e.m.c.i.embedder.EclipseLogger - Using 'UTF-8' encoding to copy filtered resources.
2023-12-25 21:03:42,919 [Worker-26: Building] INFO  o.e.m.c.i.embedder.EclipseLogger - skip non existing resourceDirectory C:\Users\katuw\git\javaSpringFramework\spring2\src\main\resources
2023-12-25 21:03:42,922 [Worker-26: Building] INFO  o.e.m.c.i.embedder.EclipseLogger - Using 'UTF-8' encoding to copy filtered resources.
2023-12-25 21:03:42,923 [Worker-26: Building] INFO  o.e.m.c.i.embedder.EclipseLogger - skip non existing resourceDirectory C:\Users\katuw\git\javaSpringFramework\spring2\src\test\resources
2023-12-25 21:05:20,547 [Worker-12: Building] INFO  o.e.m.c.i.embedder.EclipseLogger - Using 'UTF-8' encoding to copy filtered resources.
2023-12-25 21:05:20,547 [Worker-12: Building] INFO  o.e.m.c.i.embedder.EclipseLogger - skip non existing resourceDirectory C:\Users\katuw\git\javaSpringFramework\spring2\src\main\resources
2023-12-25 21:05:20,549 [Worker-12: Building] INFO  o.e.m.c.i.embedder.EclipseLogger - Using 'UTF-8' encoding to copy filtered resources.
2023-12-25 21:05:20,549 [Worker-12: Building] INFO  o.e.m.c.i.embedder.EclipseLogger - skip non existing resourceDirectory C:\Users\katuw\git\javaSpringFramework\spring2\src\test\resources
